<?xml version="1.0" encoding="UTF-8"?>
<!-- Generated by org.testng.reporters.JUnitReportReporter -->
<testsuite skipped="0" hostname="DESKTOP-3OEOHM8" name="org.test.Sample5" tests="2" failures="0" timestamp="08 Apr 2021 04:52:23 GMT" time="0.032" errors="0">
  <testcase name="tc2" time="0.000" classname="org.test.Sample5"/>
  <testcase name="tc1" time="0.032" classname="org.test.Sample5"/>
</testsuite> <!-- org.test.Sample5 -->
