<?xml version="1.0" encoding="UTF-8"?>
<!-- Generated by org.testng.reporters.JUnitReportReporter -->
<testsuite skipped="0" hostname="DESKTOP-3OEOHM8" name="org.test.Sample4" tests="2" failures="0" timestamp="08 Apr 2021 03:53:43 GMT" time="0.062" errors="0">
  <testcase name="tc2" time="0.031" classname="org.test.Sample4"/>
  <testcase name="tc1" time="0.031" classname="org.test.Sample4"/>
</testsuite> <!-- org.test.Sample4 -->
