<?xml version="1.0" encoding="UTF-8"?>
<!-- Generated by org.testng.reporters.JUnitReportReporter -->
<testsuite skipped="0" hostname="DESKTOP-3OEOHM8" name="org.test.Sample6" tests="2" failures="0" timestamp="08 Apr 2021 04:50:51 GMT" time="0.032" errors="0">
  <testcase name="tc9" time="0.016" classname="org.test.Sample6"/>
  <testcase name="tc10" time="0.016" classname="org.test.Sample6"/>
</testsuite> <!-- org.test.Sample6 -->
