<?xml version="1.0" encoding="UTF-8"?>
<!-- Generated by org.testng.reporters.JUnitReportReporter -->
<testsuite skipped="1" hostname="DESKTOP-3OEOHM8" name="org.test.SampleTestng" tests="2" failures="0" timestamp="06 Apr 2021 02:44:52 GMT" time="0.008" errors="0">
  <testcase name="tc4" time="0.008" classname="org.test.SampleTestng"/>
  <testcase name="tc1" classname="org.test.SampleTestng">
    <skipped/>
  </testcase> <!-- tc1 -->
</testsuite> <!-- org.test.SampleTestng -->
