<?xml version="1.0" encoding="UTF-8"?>
<!-- Generated by org.testng.reporters.JUnitReportReporter -->
<testsuite skipped="0" hostname="DESKTOP-3OEOHM8" name="org.test.Sample1" tests="1" failures="0" timestamp="06 Apr 2021 03:01:33 GMT" time="69.065" errors="0">
  <testcase name="tc0" time="69.065" classname="org.test.Sample1"/>
</testsuite> <!-- org.test.Sample1 -->
