<?xml version="1.0" encoding="UTF-8"?>
<!-- Generated by org.testng.reporters.JUnitReportReporter -->
<testsuite skipped="0" hostname="DESKTOP-3OEOHM8" name="org.test.Sample" tests="1" failures="0" timestamp="06 Apr 2021 02:44:52 GMT" time="0.019" errors="0">
  <testcase name="tc14" time="0.019" classname="org.test.Sample"/>
</testsuite> <!-- org.test.Sample -->
